Line 14 in errors.php, Uncaught TypeError: Argument 1 passed to log_exception() must be an instance of Exception, instance of Error given in /home/pc/data/sites/teaching/GA/WDI/wdi_hk_14/sites/php_demo/db/errors.php:14
Stack trace:
#0 [internal function]: log_exception(Object(Error))
#1 {main}
  thrown  (ErrorException)
Line 8 in errors.php, Uncaught TypeError: Argument 1 passed to log_exception() must be an instance of Exception, instance of Error given in /home/pc/data/sites/teaching/GA/WDI/wdi_hk_14/sites/php_demo/db/errors.php:8
Stack trace:
#0 [internal function]: log_exception(Object(Error))
#1 {main}
  thrown  (ErrorException)
Line 8 in errors.php, Uncaught TypeError: Argument 1 passed to log_exception() must be an instance of Exception, instance of Error given in /home/pc/data/sites/teaching/GA/WDI/wdi_hk_14/sites/php_demo/db/errors.php:8
Stack trace:
#0 [internal function]: log_exception(Object(Error))
#1 {main}
  thrown  (ErrorException)
Line 8 in errors.php, Uncaught TypeError: Argument 1 passed to log_exception() must be an instance of Exception, instance of Error given in /home/pc/data/sites/teaching/GA/WDI/wdi_hk_14/sites/php_demo/db/errors.php:8
Stack trace:
#0 [internal function]: log_exception(Object(Error))
#1 {main}
  thrown  (ErrorException)
Line 8 in errors.php, Uncaught TypeError: Argument 1 passed to log_exception() must be an instance of Exception, instance of Error given in /home/pc/data/sites/teaching/GA/WDI/wdi_hk_14/sites/php_demo/db/errors.php:8
Stack trace:
#0 [internal function]: log_exception(Object(Error))
#1 {main}
  thrown  (ErrorException)
Line 8 in errors.php, Uncaught TypeError: Argument 1 passed to log_exception() must be an instance of Exception, instance of Error given in /home/pc/data/sites/teaching/GA/WDI/wdi_hk_14/sites/php_demo/db/errors.php:8
Stack trace:
#0 [internal function]: log_exception(Object(Error))
#1 {main}
  thrown  (ErrorException)
Line 27 in errors.php, Cannot redeclare logger() (previously declared in /home/pc/data/sites/teaching/GA/WDI/wdi_hk_14/sites/php_demo/db/errors.php:27)  (ErrorException)
Line 27 in errors.php, Cannot redeclare logger() (previously declared in /home/pc/data/sites/teaching/GA/WDI/wdi_hk_14/sites/php_demo/db/errors.php:27)  (ErrorException)
Line 27 in errors.php, Cannot redeclare logger() (previously declared in /home/pc/data/sites/teaching/GA/WDI/wdi_hk_14/sites/php_demo/db/errors.php:27)  (ErrorException)
Line 27 in errors.php, Cannot redeclare logger() (previously declared in /home/pc/data/sites/teaching/GA/WDI/wdi_hk_14/sites/php_demo/db/errors.php:27)  (ErrorException)
Line 26 in errors.php, Cannot redeclare logger() (previously declared in /home/pc/data/sites/teaching/GA/WDI/wdi_hk_14/sites/php_demo/db/errors.php:26)  (ErrorException)
Line 26 in errors.php, Cannot redeclare logger() (previously declared in /home/pc/data/sites/teaching/GA/WDI/wdi_hk_14/sites/php_demo/db/errors.php:26)  (ErrorException)
Line 26 in errors.php, Cannot redeclare logger() (previously declared in /home/pc/data/sites/teaching/GA/WDI/wdi_hk_14/sites/php_demo/db/errors.php:26)  (ErrorException)
