line 15 (class.dbConnect.php) Connected successfully
line 13 (show_databases.php) PDOStatement Object
(
    [queryString] => SHOW DATABASES
)

line 16 (show_databases.php) Array
(
    [0] => Array
        (
            [Database] => information_schema
            [0] => information_schema
        )

    [1] => Array
        (
            [Database] => myDB
            [0] => myDB
        )

    [2] => Array
        (
            [Database] => mysql
            [0] => mysql
        )

    [3] => Array
        (
            [Database] => performance_schema
            [0] => performance_schema
        )

    [4] => Array
        (
            [Database] => phpmyadmin
            [0] => phpmyadmin
        )

    [5] => Array
        (
            [Database] => scrap
            [0] => scrap
        )

    [6] => Array
        (
            [Database] => scrap2
            [0] => scrap2
        )

    [7] => Array
        (
            [Database] => scrap3
            [0] => scrap3
        )

    [8] => Array
        (
            [Database] => sys
            [0] => sys
        )

    [9] => Array
        (
            [Database] => wordpress
            [0] => wordpress
        )

)

line 24 (class.dbConnect.php) killed connection
